2018-05-10 15:50:35,614 INFO 6647 [Timer] /Users/liuyuan/showcase/node_modules/egg-logrotator/app/schedule/clean_log.js next time will execute at 2018-05-11 00:00:00.000
2018-05-10 15:50:35,615 INFO 6647 [Timer] /Users/liuyuan/showcase/node_modules/egg-logrotator/app/schedule/rotate_by_file.js next time will execute at 2018-05-11 00:00:01.000
2018-05-10 16:01:33,532 INFO 6690 [Timer] /Users/liuyuan/showcase/node_modules/egg-logrotator/app/schedule/clean_log.js next time will execute at 2018-05-11 00:00:00.000
2018-05-10 16:01:33,533 INFO 6690 [Timer] /Users/liuyuan/showcase/node_modules/egg-logrotator/app/schedule/rotate_by_file.js next time will execute at 2018-05-11 00:00:01.000
2018-05-10 16:09:10,861 INFO 6741 [Timer] /Users/liuyuan/showcase/node_modules/egg-logrotator/app/schedule/clean_log.js next time will execute at 2018-05-11 00:00:00.000
2018-05-10 16:09:10,862 INFO 6741 [Timer] /Users/liuyuan/showcase/node_modules/egg-logrotator/app/schedule/rotate_by_file.js next time will execute at 2018-05-11 00:00:01.000
2018-05-10 16:11:09,709 INFO 6758 [Timer] /Users/liuyuan/showcase/node_modules/egg-logrotator/app/schedule/clean_log.js next time will execute at 2018-05-11 00:00:00.000
2018-05-10 16:11:09,710 INFO 6758 [Timer] /Users/liuyuan/showcase/node_modules/egg-logrotator/app/schedule/rotate_by_file.js next time will execute at 2018-05-11 00:00:01.000
2018-05-10 16:11:39,312 INFO 6766 [Timer] /Users/liuyuan/showcase/node_modules/egg-logrotator/app/schedule/clean_log.js next time will execute at 2018-05-11 00:00:00.000
2018-05-10 16:11:39,312 INFO 6766 [Timer] /Users/liuyuan/showcase/node_modules/egg-logrotator/app/schedule/rotate_by_file.js next time will execute at 2018-05-11 00:00:01.000
2018-05-10 16:13:19,663 INFO 6783 [Timer] /Users/liuyuan/showcase/node_modules/egg-logrotator/app/schedule/clean_log.js next time will execute at 2018-05-11 00:00:00.000
2018-05-10 16:13:19,664 INFO 6783 [Timer] /Users/liuyuan/showcase/node_modules/egg-logrotator/app/schedule/rotate_by_file.js next time will execute at 2018-05-11 00:00:01.000
2018-05-10 18:04:33,763 INFO 7349 [Timer] /Users/liuyuan/showcase dev/node_modules/egg-logrotator/app/schedule/clean_log.js next time will execute at 2018-05-11 00:00:00.000
2018-05-10 18:04:33,764 INFO 7349 [Timer] /Users/liuyuan/showcase dev/node_modules/egg-logrotator/app/schedule/rotate_by_file.js next time will execute at 2018-05-11 00:00:01.000
2018-05-11 10:21:06,485 INFO 7781 [Timer] /Users/liuyuan/showcasedev/node_modules/egg-logrotator/app/schedule/clean_log.js next time will execute at 2018-05-12 00:00:00.000
2018-05-11 10:21:06,486 INFO 7781 [Timer] /Users/liuyuan/showcasedev/node_modules/egg-logrotator/app/schedule/rotate_by_file.js next time will execute at 2018-05-12 00:00:01.000
2018-05-11 11:05:47,249 INFO 7921 [Timer] /Users/liuyuan/showcasedev/node_modules/egg-logrotator/app/schedule/clean_log.js next time will execute at 2018-05-12 00:00:00.000
2018-05-11 11:05:47,250 INFO 7921 [Timer] /Users/liuyuan/showcasedev/node_modules/egg-logrotator/app/schedule/rotate_by_file.js next time will execute at 2018-05-12 00:00:01.000
2018-05-11 11:55:04,174 INFO 8109 [Timer] /Users/liuyuan/showcasedev/node_modules/egg-logrotator/app/schedule/clean_log.js next time will execute at 2018-05-12 00:00:00.000
2018-05-11 11:55:04,175 INFO 8109 [Timer] /Users/liuyuan/showcasedev/node_modules/egg-logrotator/app/schedule/rotate_by_file.js next time will execute at 2018-05-12 00:00:01.000
2018-05-11 11:55:42,372 INFO 8119 [Timer] /Users/liuyuan/showcasedev/node_modules/egg-logrotator/app/schedule/clean_log.js next time will execute at 2018-05-12 00:00:00.000
2018-05-11 11:55:42,373 INFO 8119 [Timer] /Users/liuyuan/showcasedev/node_modules/egg-logrotator/app/schedule/rotate_by_file.js next time will execute at 2018-05-12 00:00:01.000
2018-05-11 11:57:07,026 INFO 8127 [Timer] /Users/liuyuan/showcasedev/node_modules/egg-logrotator/app/schedule/clean_log.js next time will execute at 2018-05-12 00:00:00.000
2018-05-11 11:57:07,027 INFO 8127 [Timer] /Users/liuyuan/showcasedev/node_modules/egg-logrotator/app/schedule/rotate_by_file.js next time will execute at 2018-05-12 00:00:01.000
2018-05-11 12:08:49,081 INFO 8177 [Timer] /Users/liuyuan/showcasedev/node_modules/egg-logrotator/app/schedule/clean_log.js next time will execute at 2018-05-12 00:00:00.000
2018-05-11 12:08:49,082 INFO 8177 [Timer] /Users/liuyuan/showcasedev/node_modules/egg-logrotator/app/schedule/rotate_by_file.js next time will execute at 2018-05-12 00:00:01.000
2018-05-11 12:49:08,523 INFO 8273 [Timer] /Users/liuyuan/showcasedev/node_modules/egg-logrotator/app/schedule/clean_log.js next time will execute at 2018-05-12 00:00:00.000
2018-05-11 12:49:08,524 INFO 8273 [Timer] /Users/liuyuan/showcasedev/node_modules/egg-logrotator/app/schedule/rotate_by_file.js next time will execute at 2018-05-12 00:00:01.000
2018-05-11 13:27:27,457 INFO 8400 [Timer] /Users/liuyuan/showcasedev/node_modules/egg-logrotator/app/schedule/clean_log.js next time will execute at 2018-05-12 00:00:00.000
2018-05-11 13:27:27,458 INFO 8400 [Timer] /Users/liuyuan/showcasedev/node_modules/egg-logrotator/app/schedule/rotate_by_file.js next time will execute at 2018-05-12 00:00:01.000
2018-05-11 13:28:22,438 INFO 8409 [Timer] /Users/liuyuan/showcasedev/node_modules/egg-logrotator/app/schedule/clean_log.js next time will execute at 2018-05-12 00:00:00.000
2018-05-11 13:28:22,439 INFO 8409 [Timer] /Users/liuyuan/showcasedev/node_modules/egg-logrotator/app/schedule/rotate_by_file.js next time will execute at 2018-05-12 00:00:01.000
